Build started 01-04-2015 15:18:33.
     1>Project "C:\Users\Anders Bender\Documents\GitHub\aPMiniProject\apProject\apProject\apProject.vcxproj" on node 2 (Build target(s)).
     1>ClCompile:
         C:\Program Files (x86)\Microsoft Visual Studio 12.0\VC\bin\CL.exe /c /ZI /nologo /W3 /WX- /sdl /Od /Oy- /D _MBCS /Gm /EHsc /RTC1 /MDd /GS /fp:precise /Zc:wchar_t /Zc:forScope /Fo"Debug\\" /Fd"Debug\vc120.pdb" /Gd /TP /analyze- /errorReport:prompt D2.cpp D3.cpp D4.cpp D5.cpp Main.cpp VB.cpp
         D2.cpp
         Generating Code...
         Skipping... (no relevant changes detected)
         VB.cpp
         Main.cpp
         D5.cpp
         D4.cpp
         D3.cpp
       Link:
         C:\Program Files (x86)\Microsoft Visual Studio 12.0\VC\bin\link.exe /ERRORREPORT:PROMPT /OUT:"C:\Users\Anders Bender\Documents\GitHub\aPMiniProject\apProject\Debug\apProject.exe" /INCREMENTAL /NOLOGO kernel32.lib user32.lib gdi32.lib winspool.lib comdlg32.lib advapi32.lib shell32.lib ole32.lib oleaut32.lib uuid.lib odbc32.lib odbccp32.lib /MANIFEST /MANIFESTUAC:"level='asInvoker' uiAccess='false'" /manifest:embed /DEBUG /PDB:"C:\Users\Anders Bender\Documents\GitHub\aPMiniProject\apProject\Debug\apProject.pdb" /TLBID:1 /DYNAMICBASE /NXCOMPAT /IMPLIB:"C:\Users\Anders Bender\Documents\GitHub\aPMiniProject\apProject\Debug\apProject.lib" /MACHINE:X86 Debug\AB.obj
         Debug\Couter.obj
         Debug\D1.obj
         Debug\D2.obj
         Debug\D3.obj
         Debug\D4.obj
         Debug\D5.obj
         Debug\Main.obj
         Debug\VB.obj
         apProject.vcxproj -> C:\Users\Anders Bender\Documents\GitHub\aPMiniProject\apProject\Debug\apProject.exe
     1>Done Building Project "C:\Users\Anders Bender\Documents\GitHub\aPMiniProject\apProject\apProject\apProject.vcxproj" (Build target(s)).

Build succeeded.

Time Elapsed 00:00:01.13
